[ 2014-11-13T14:36:11+08:00 ] /index.php/Login/login | INFO: Tag[ route_check ] --START--
[ 2014-11-13T14:36:11+08:00 ] /index.php/Login/login | INFO: Run CheckRoute Behavior [ RunTime:0.001578s ]
[ 2014-11-13T14:36:11+08:00 ] /index.php/Login/login | INFO: Tag[ route_check ] --END-- [ RunTime:0.001695s ]
[ 2014-11-13T14:36:11+08:00 ] /index.php/Login/login | INFO: Tag[ app_begin ] --START--
[ 2014-11-13T14:36:11+08:00 ] /index.php/Login/login | INFO: Run ReadHtmlCache Behavior [ RunTime:0.001083s ]
[ 2014-11-13T14:36:11+08:00 ] /index.php/Login/login | INFO: Tag[ app_begin ] --END-- [ RunTime:0.001181s ]
[ 2014-11-13T14:36:11+08:00 ] /index.php/Login/login | INFO: Tag[ view_template ] --START--
[ 2014-11-13T14:36:11+08:00 ] /index.php/Login/login | INFO: Run LocationTemplate Behavior [ RunTime:0.001122s ]
[ 2014-11-13T14:36:11+08:00 ] /index.php/Login/login | INFO: Tag[ view_template ] --END-- [ RunTime:0.001193s ]
[ 2014-11-13T14:36:11+08:00 ] /index.php/Login/login | INFO: Tag[ view_parse ] --START--
[ 2014-11-13T14:36:11+08:00 ] /index.php/Login/login | NOTIC: [8] Undefined variable: message dc3f4348b92bb672ad42baef1f696288.php 第 84 行.
[ 2014-11-13T14:36:11+08:00 ] /index.php/Login/login | INFO: Run ParseTemplate Behavior [ RunTime:0.035860s ]
[ 2014-11-13T14:36:11+08:00 ] /index.php/Login/login | INFO: Tag[ view_parse ] --END-- [ RunTime:0.035939s ]
[ 2014-11-13T14:36:11+08:00 ] /index.php/Login/login | INFO: Tag[ view_filter ] --START--
[ 2014-11-13T14:36:11+08:00 ] /index.php/Login/login | INFO: Run ContentReplace Behavior [ RunTime:0.000785s ]
[ 2014-11-13T14:36:11+08:00 ] /index.php/Login/login | INFO: Run TokenBuild Behavior [ RunTime:0.000721s ]
[ 2014-11-13T14:36:11+08:00 ] /index.php/Login/login | INFO: Run WriteHtmlCache Behavior [ RunTime:0.000555s ]
[ 2014-11-13T14:36:11+08:00 ] /index.php/Login/login | INFO: Run ShowRuntime Behavior [ RunTime:0.000949s ]
[ 2014-11-13T14:36:11+08:00 ] /index.php/Login/login | INFO: Tag[ view_filter ] --END-- [ RunTime:0.003189s ]
[ 2014-11-13T14:36:11+08:00 ] /index.php/Login/login | INFO: Tag[ view_end ] --START--
[ 2014-11-13T14:36:11+08:00 ] /index.php/Login/login | INFO: Run ShowPageTrace Behavior [ RunTime:0.001255s ]
[ 2014-11-13T14:36:11+08:00 ] /index.php/Login/login | INFO: Tag[ view_end ] --END-- [ RunTime:0.001356s ]
[ 2014-11-13T14:36:12+08:00 ] /index.php/Public/verify | INFO: Tag[ route_check ] --START--
[ 2014-11-13T14:36:12+08:00 ] /index.php/Public/verify | INFO: Run CheckRoute Behavior [ RunTime:0.001206s ]
[ 2014-11-13T14:36:12+08:00 ] /index.php/Public/verify | INFO: Tag[ route_check ] --END-- [ RunTime:0.001322s ]
[ 2014-11-13T14:36:12+08:00 ] /index.php/Public/verify | INFO: Tag[ app_begin ] --START--
[ 2014-11-13T14:36:12+08:00 ] /index.php/Public/verify | INFO: Run ReadHtmlCache Behavior [ RunTime:0.001207s ]
[ 2014-11-13T14:36:12+08:00 ] /index.php/Public/verify | INFO: Tag[ app_begin ] --END-- [ RunTime:0.001340s ]
[ 2014-11-13T14:36:18+08:00 ] /index.php/Index/index | INFO: Tag[ route_check ] --START--
[ 2014-11-13T14:36:18+08:00 ] /index.php/Index/index | INFO: Run CheckRoute Behavior [ RunTime:0.001139s ]
[ 2014-11-13T14:36:18+08:00 ] /index.php/Index/index | INFO: Tag[ route_check ] --END-- [ RunTime:0.001248s ]
[ 2014-11-13T14:36:18+08:00 ] /index.php/Index/index | INFO: Tag[ app_begin ] --START--
[ 2014-11-13T14:36:18+08:00 ] /index.php/Index/index | INFO: Run ReadHtmlCache Behavior [ RunTime:0.000926s ]
[ 2014-11-13T14:36:18+08:00 ] /index.php/Index/index | INFO: Tag[ app_begin ] --END-- [ RunTime:0.000998s ]
[ 2014-11-13T14:36:18+08:00 ] /index.php/Index/index | INFO: Tag[ view_template ] --START--
[ 2014-11-13T14:36:18+08:00 ] /index.php/Index/index | INFO: Run LocationTemplate Behavior [ RunTime:0.000957s ]
[ 2014-11-13T14:36:18+08:00 ] /index.php/Index/index | INFO: Tag[ view_template ] --END-- [ RunTime:0.001027s ]
[ 2014-11-13T14:36:18+08:00 ] /index.php/Index/index | INFO: Tag[ view_parse ] --START--
[ 2014-11-13T14:36:19+08:00 ] /index.php/Index/index | INFO: Run ParseTemplate Behavior [ RunTime:0.021443s ]
[ 2014-11-13T14:36:19+08:00 ] /index.php/Index/index | INFO: Tag[ view_parse ] --END-- [ RunTime:0.021534s ]
[ 2014-11-13T14:36:19+08:00 ] /index.php/Index/index | INFO: Tag[ view_filter ] --START--
[ 2014-11-13T14:36:19+08:00 ] /index.php/Index/index | INFO: Run ContentReplace Behavior [ RunTime:0.000780s ]
[ 2014-11-13T14:36:19+08:00 ] /index.php/Index/index | INFO: Run TokenBuild Behavior [ RunTime:0.000738s ]
[ 2014-11-13T14:36:19+08:00 ] /index.php/Index/index | INFO: Run WriteHtmlCache Behavior [ RunTime:0.001016s ]
[ 2014-11-13T14:36:19+08:00 ] /index.php/Index/index | INFO: Run ShowRuntime Behavior [ RunTime:0.001062s ]
[ 2014-11-13T14:36:19+08:00 ] /index.php/Index/index | INFO: Tag[ view_filter ] --END-- [ RunTime:0.003843s ]
[ 2014-11-13T14:36:19+08:00 ] /index.php/Index/index | INFO: Tag[ view_end ] --START--
[ 2014-11-13T14:36:19+08:00 ] /index.php/Index/index | INFO: Run ShowPageTrace Behavior [ RunTime:0.000858s ]
[ 2014-11-13T14:36:19+08:00 ] /index.php/Index/index | INFO: Tag[ view_end ] --END-- [ RunTime:0.000946s ]
[ 2014-11-13T14:36:21+08:00 ] /index.php/Product/index | INFO: Tag[ route_check ] --START--
[ 2014-11-13T14:36:21+08:00 ] /index.php/Product/index | INFO: Run CheckRoute Behavior [ RunTime:0.000750s ]
[ 2014-11-13T14:36:21+08:00 ] /index.php/Product/index | INFO: Tag[ route_check ] --END-- [ RunTime:0.000840s ]
[ 2014-11-13T14:36:21+08:00 ] /index.php/Product/index | INFO: Tag[ app_begin ] --START--
[ 2014-11-13T14:36:21+08:00 ] /index.php/Product/index | INFO: Run ReadHtmlCache Behavior [ RunTime:0.000515s ]
[ 2014-11-13T14:36:21+08:00 ] /index.php/Product/index | INFO: Tag[ app_begin ] --END-- [ RunTime:0.000574s ]
[ 2014-11-13T14:36:21+08:00 ] /index.php/Product/index | SQL: SHOW COLUMNS FROM `product` [ RunTime:0.005967s ]
[ 2014-11-13T14:36:21+08:00 ] /index.php/Product/index | SQL: SELECT COUNT(*) AS tp_count FROM `product` WHERE ( `is_del` = 0 ) LIMIT 1   [ RunTime:0.004304s ]
[ 2014-11-13T14:36:23+08:00 ] /index.php/Product/index | SQL: SELECT * FROM `product` WHERE ( `is_del` = 0 ) ORDER BY id DESC LIMIT 0,10   [ RunTime:1.306991s ]
[ 2014-11-13T14:36:23+08:00 ] /index.php/Product/index | NOTIC: [2048] Declaration of BaseModel::add() should be compatible with Model::add($data = '', $options = Array, $replace = false) BaseModel.class.php 第 177 行.
[ 2014-11-13T14:36:23+08:00 ] /index.php/Product/index | NOTIC: [2048] Declaration of BaseModel::delete() should be compatible with Model::delete($options = Array) BaseModel.class.php 第 177 行.
[ 2014-11-13T14:36:23+08:00 ] /index.php/Product/index | NOTIC: [2048] Declaration of BaseModel::select() should be compatible with Model::select($options = Array) BaseModel.class.php 第 177 行.
[ 2014-11-13T14:36:23+08:00 ] /index.php/Product/index | SQL: SHOW COLUMNS FROM `product` [ RunTime:0.011914s ]
[ 2014-11-13T14:36:23+08:00 ] /index.php/Product/index | SQL: /*D:\wamp\www\shenyh\shop\trunk\server_1\server_admin_1\server_admin\Lib\Model\BaseModel.class.php,121*/select * from `hospital` where 1 and status=2  and id=21 [ RunTime:0.007364s ]
[ 2014-11-13T14:36:23+08:00 ] /index.php/Product/index | SQL: /*D:\wamp\www\shenyh\shop\trunk\server_1\server_admin_1\server_admin\Lib\Model\BaseModel.class.php,121*/select * from `hospital` where 1 and status=2  and id=14 [ RunTime:0.026783s ]
[ 2014-11-13T14:36:23+08:00 ] /index.php/Product/index | SQL: /*D:\wamp\www\shenyh\shop\trunk\server_1\server_admin_1\server_admin\Lib\Model\BaseModel.class.php,121*/select * from `hospital` where 1 and status=2  and id=15 [ RunTime:0.006607s ]
[ 2014-11-13T14:36:23+08:00 ] /index.php/Product/index | SQL: /*D:\wamp\www\shenyh\shop\trunk\server_1\server_admin_1\server_admin\Lib\Model\BaseModel.class.php,121*/select * from `hospital` where 1 and status=2  and id=10 [ RunTime:0.006789s ]
[ 2014-11-13T14:36:23+08:00 ] /index.php/Product/index | SQL: /*D:\wamp\www\shenyh\shop\trunk\server_1\server_admin_1\server_admin\Lib\Model\BaseModel.class.php,121*/select * from `hospital` where 1 and status=2  and id=13 [ RunTime:0.006413s ]
[ 2014-11-13T14:36:23+08:00 ] /index.php/Product/index | SQL: /*D:\wamp\www\shenyh\shop\trunk\server_1\server_admin_1\server_admin\Lib\Model\BaseModel.class.php,121*/select * from `hospital` where 1 and status=2  and id=7 [ RunTime:0.028992s ]
[ 2014-11-13T14:36:23+08:00 ] /index.php/Product/index | SQL: /*D:\wamp\www\shenyh\shop\trunk\server_1\server_admin_1\server_admin\Lib\Model\BaseModel.class.php,121*/select * from `hospital` where 1 and status=2  and id=7 [ RunTime:0.006962s ]
[ 2014-11-13T14:36:23+08:00 ] /index.php/Product/index | SQL: /*D:\wamp\www\shenyh\shop\trunk\server_1\server_admin_1\server_admin\Lib\Model\BaseModel.class.php,121*/select * from `hospital` where 1 and status=2  and id=7 [ RunTime:0.040020s ]
[ 2014-11-13T14:36:23+08:00 ] /index.php/Product/index | SQL: /*D:\wamp\www\shenyh\shop\trunk\server_1\server_admin_1\server_admin\Lib\Model\BaseModel.class.php,121*/select * from `hospital` where 1 and status=2  and id=8 [ RunTime:0.007174s ]
[ 2014-11-13T14:36:23+08:00 ] /index.php/Product/index | SQL: SHOW COLUMNS FROM `product` [ RunTime:0.005875s ]
[ 2014-11-13T14:36:27+08:00 ] /index.php/Product/index | SQL: /*D:\wamp\www\shenyh\shop\trunk\server_1\server_admin_1\server_admin\Lib\Model\BaseModel.class.php,121*/select * from `product` where is_del=0 order by `id` desc [ RunTime:3.737416s ]
[ 2014-11-13T14:36:27+08:00 ] /index.php/Product/index | SQL: /*D:\wamp\www\shenyh\shop\trunk\server_1\server_admin_1\server_admin\Lib\Model\BaseModel.class.php,121*/select * from `hospital` where 1 and status=2  and id=21 [ RunTime:0.009836s ]
[ 2014-11-13T14:36:27+08:00 ] /index.php/Product/index | SQL: /*D:\wamp\www\shenyh\shop\trunk\server_1\server_admin_1\server_admin\Lib\Model\BaseModel.class.php,121*/select * from `hospital` where 1 and status=2  and id=14 [ RunTime:0.006309s ]
[ 2014-11-13T14:36:27+08:00 ] /index.php/Product/index | SQL: /*D:\wamp\www\shenyh\shop\trunk\server_1\server_admin_1\server_admin\Lib\Model\BaseModel.class.php,121*/select * from `hospital` where 1 and status=2  and id=15 [ RunTime:0.006318s ]
[ 2014-11-13T14:36:27+08:00 ] /index.php/Product/index | SQL: /*D:\wamp\www\shenyh\shop\trunk\server_1\server_admin_1\server_admin\Lib\Model\BaseModel.class.php,121*/select * from `hospital` where 1 and status=2  and id=10 [ RunTime:0.025473s ]
[ 2014-11-13T14:36:27+08:00 ] /index.php/Product/index | SQL: /*D:\wamp\www\shenyh\shop\trunk\server_1\server_admin_1\server_admin\Lib\Model\BaseModel.class.php,121*/select * from `hospital` where 1 and status=2  and id=13 [ RunTime:0.006537s ]
[ 2014-11-13T14:36:27+08:00 ] /index.php/Product/index | SQL: /*D:\wamp\www\shenyh\shop\trunk\server_1\server_admin_1\server_admin\Lib\Model\BaseModel.class.php,121*/select * from `hospital` where 1 and status=2  and id=7 [ RunTime:0.007662s ]
[ 2014-11-13T14:36:27+08:00 ] /index.php/Product/index | SQL: /*D:\wamp\www\shenyh\shop\trunk\server_1\server_admin_1\server_admin\Lib\Model\BaseModel.class.php,121*/select * from `hospital` where 1 and status=2  and id=7 [ RunTime:0.034002s ]
[ 2014-11-13T14:36:27+08:00 ] /index.php/Product/index | SQL: /*D:\wamp\www\shenyh\shop\trunk\server_1\server_admin_1\server_admin\Lib\Model\BaseModel.class.php,121*/select * from `hospital` where 1 and status=2  and id=7 [ RunTime:0.007683s ]
[ 2014-11-13T14:36:27+08:00 ] /index.php/Product/index | SQL: /*D:\wamp\www\shenyh\shop\trunk\server_1\server_admin_1\server_admin\Lib\Model\BaseModel.class.php,121*/select * from `hospital` where 1 and status=2  and id=8 [ RunTime:0.043472s ]
[ 2014-11-13T14:36:27+08:00 ] /index.php/Product/index | SQL: /*D:\wamp\www\shenyh\shop\trunk\server_1\server_admin_1\server_admin\Lib\Model\BaseModel.class.php,121*/select * from `hospital` where 1 and status=2  and id=7 [ RunTime:0.006590s ]
[ 2014-11-13T14:36:27+08:00 ] /index.php/Product/index | SQL: /*D:\wamp\www\shenyh\shop\trunk\server_1\server_admin_1\server_admin\Lib\Model\BaseModel.class.php,121*/select * from `hospital` where 1 and status=2  and id=12 [ RunTime:0.006843s ]
[ 2014-11-13T14:36:27+08:00 ] /index.php/Product/index | SQL: /*D:\wamp\www\shenyh\shop\trunk\server_1\server_admin_1\server_admin\Lib\Model\BaseModel.class.php,121*/select * from `hospital` where 1 and status=2  and id=11 [ RunTime:0.006824s ]
[ 2014-11-13T14:36:27+08:00 ] /index.php/Product/index | SQL: /*D:\wamp\www\shenyh\shop\trunk\server_1\server_admin_1\server_admin\Lib\Model\BaseModel.class.php,121*/select * from `hospital` where 1 and status=2  and id=9 [ RunTime:0.028679s ]
[ 2014-11-13T14:36:27+08:00 ] /index.php/Product/index | SQL: /*D:\wamp\www\shenyh\shop\trunk\server_1\server_admin_1\server_admin\Lib\Model\BaseModel.class.php,121*/select * from `hospital` where 1 and status=2  and id=16 [ RunTime:0.006571s ]
[ 2014-11-13T14:36:27+08:00 ] /index.php/Product/index | SQL: /*D:\wamp\www\shenyh\shop\trunk\server_1\server_admin_1\server_admin\Lib\Model\BaseModel.class.php,121*/select * from `hospital` where 1 and status=2  and id=14 [ RunTime:0.007261s ]
[ 2014-11-13T14:36:27+08:00 ] /index.php/Product/index | SQL: /*D:\wamp\www\shenyh\shop\trunk\server_1\server_admin_1\server_admin\Lib\Model\BaseModel.class.php,121*/select * from `hospital` where 1 and status=2  and id=15 [ RunTime:0.030008s ]
[ 2014-11-13T14:36:27+08:00 ] /index.php/Product/index | SQL: /*D:\wamp\www\shenyh\shop\trunk\server_1\server_admin_1\server_admin\Lib\Model\BaseModel.class.php,121*/select * from `hospital` where 1 and status=2  and id=19 [ RunTime:0.006479s ]
[ 2014-11-13T14:36:27+08:00 ] /index.php/Product/index | SQL: /*D:\wamp\www\shenyh\shop\trunk\server_1\server_admin_1\server_admin\Lib\Model\BaseModel.class.php,121*/select * from `hospital` where 1 and status=2  and id=20 [ RunTime:0.006368s ]
[ 2014-11-13T14:36:27+08:00 ] /index.php/Product/index | SQL: /*D:\wamp\www\shenyh\shop\trunk\server_1\server_admin_1\server_admin\Lib\Model\BaseModel.class.php,121*/select * from `hospital` where 1 and status=2  and id=6 [ RunTime:0.035203s ]
[ 2014-11-13T14:36:27+08:00 ] /index.php/Product/index | SQL: /*D:\wamp\www\shenyh\shop\trunk\server_1\server_admin_1\server_admin\Lib\Model\BaseModel.class.php,121*/select * from `hospital` where 1 and status=2  and id=19 [ RunTime:0.006268s ]
[ 2014-11-13T14:36:27+08:00 ] /index.php/Product/index | SQL: /*D:\wamp\www\shenyh\shop\trunk\server_1\server_admin_1\server_admin\Lib\Model\BaseModel.class.php,121*/select * from `hospital` where 1 and status=2  and id=13 [ RunTime:0.006386s ]
[ 2014-11-13T14:36:27+08:00 ] /index.php/Product/index | SQL: /*D:\wamp\www\shenyh\shop\trunk\server_1\server_admin_1\server_admin\Lib\Model\BaseModel.class.php,121*/select * from `hospital` where 1 and status=2  and id=8 [ RunTime:0.034571s ]
[ 2014-11-13T14:36:27+08:00 ] /index.php/Product/index | SQL: /*D:\wamp\www\shenyh\shop\trunk\server_1\server_admin_1\server_admin\Lib\Model\BaseModel.class.php,121*/select * from `hospital` where 1 and status=2  and id=6 [ RunTime:0.006439s ]
[ 2014-11-13T14:36:27+08:00 ] /index.php/Product/index | SQL: /*D:\wamp\www\shenyh\shop\trunk\server_1\server_admin_1\server_admin\Lib\Model\BaseModel.class.php,121*/select * from `hospital` where 1 and status=2  and id=7 [ RunTime:0.042807s ]
[ 2014-11-13T14:36:27+08:00 ] /index.php/Product/index | SQL: /*D:\wamp\www\shenyh\shop\trunk\server_1\server_admin_1\server_admin\Lib\Model\BaseModel.class.php,121*/select * from `hospital` where 1 and status=2  and id=18 [ RunTime:0.006708s ]
[ 2014-11-13T14:36:27+08:00 ] /index.php/Product/index | SQL: /*D:\wamp\www\shenyh\shop\trunk\server_1\server_admin_1\server_admin\Lib\Model\BaseModel.class.php,121*/select * from `hospital` where 1 and status=2  and id=17 [ RunTime:0.006353s ]
[ 2014-11-13T14:36:27+08:00 ] /index.php/Product/index | INFO: Tag[ view_template ] --START--
[ 2014-11-13T14:36:27+08:00 ] /index.php/Product/index | INFO: Run LocationTemplate Behavior [ RunTime:0.000740s ]
[ 2014-11-13T14:36:27+08:00 ] /index.php/Product/index | INFO: Tag[ view_template ] --END-- [ RunTime:0.000802s ]
[ 2014-11-13T14:36:27+08:00 ] /index.php/Product/index | INFO: Tag[ view_parse ] --START--
[ 2014-11-13T14:36:27+08:00 ] /index.php/Product/index | NOTIC: [8] Undefined index: search e2da2d048bfd7d0b1b5f4ff882638740.php 第 134 行.
[ 2014-11-13T14:36:27+08:00 ] /index.php/Product/index | NOTIC: [8] Undefined index: title e2da2d048bfd7d0b1b5f4ff882638740.php 第 140 行.
[ 2014-11-13T14:36:27+08:00 ] /index.php/Product/index | NOTIC: [8] Undefined index: hospital_name e2da2d048bfd7d0b1b5f4ff882638740.php 第 168 行.
[ 2014-11-13T14:36:27+08:00 ] /index.php/Product/index | NOTIC: [8] Undefined index: hospital_name e2da2d048bfd7d0b1b5f4ff882638740.php 第 168 行.
[ 2014-11-13T14:36:27+08:00 ] /index.php/Product/index | NOTIC: [8] Undefined index: hospital_name e2da2d048bfd7d0b1b5f4ff882638740.php 第 168 行.
[ 2014-11-13T14:36:27+08:00 ] /index.php/Product/index | NOTIC: [8] Undefined index: hospital_name e2da2d048bfd7d0b1b5f4ff882638740.php 第 168 行.
[ 2014-11-13T14:36:27+08:00 ] /index.php/Product/index | NOTIC: [8] Undefined index: hospital_name e2da2d048bfd7d0b1b5f4ff882638740.php 第 168 行.
[ 2014-11-13T14:36:27+08:00 ] /index.php/Product/index | NOTIC: [8] Undefined index: hospital_name e2da2d048bfd7d0b1b5f4ff882638740.php 第 168 行.
[ 2014-11-13T14:36:27+08:00 ] /index.php/Product/index | NOTIC: [8] Undefined index: hospital_name e2da2d048bfd7d0b1b5f4ff882638740.php 第 168 行.
[ 2014-11-13T14:36:27+08:00 ] /index.php/Product/index | NOTIC: [8] Undefined index: hospital_name e2da2d048bfd7d0b1b5f4ff882638740.php 第 168 行.
[ 2014-11-13T14:36:27+08:00 ] /index.php/Product/index | NOTIC: [8] Undefined index: hospital_name e2da2d048bfd7d0b1b5f4ff882638740.php 第 168 行.
[ 2014-11-13T14:36:27+08:00 ] /index.php/Product/index | NOTIC: [8] Undefined index: hospital_name e2da2d048bfd7d0b1b5f4ff882638740.php 第 168 行.
[ 2014-11-13T14:36:27+08:00 ] /index.php/Product/index | INFO: Run ParseTemplate Behavior [ RunTime:0.028601s ]
[ 2014-11-13T14:36:27+08:00 ] /index.php/Product/index | INFO: Tag[ view_parse ] --END-- [ RunTime:0.028683s ]
[ 2014-11-13T14:36:27+08:00 ] /index.php/Product/index | INFO: Tag[ view_filter ] --START--
[ 2014-11-13T14:36:27+08:00 ] /index.php/Product/index | INFO: Run ContentReplace Behavior [ RunTime:0.000865s ]
[ 2014-11-13T14:36:27+08:00 ] /index.php/Product/index | INFO: Run TokenBuild Behavior [ RunTime:0.001067s ]
[ 2014-11-13T14:36:27+08:00 ] /index.php/Product/index | INFO: Run WriteHtmlCache Behavior [ RunTime:0.000901s ]
[ 2014-11-13T14:36:27+08:00 ] /index.php/Product/index | INFO: Run ShowRuntime Behavior [ RunTime:0.000984s ]
[ 2014-11-13T14:36:27+08:00 ] /index.php/Product/index | INFO: Tag[ view_filter ] --END-- [ RunTime:0.004220s ]
[ 2014-11-13T14:36:27+08:00 ] /index.php/Product/index | INFO: Tag[ view_end ] --START--
[ 2014-11-13T14:36:27+08:00 ] /index.php/Product/index | INFO: Run ShowPageTrace Behavior [ RunTime:0.000828s ]
[ 2014-11-13T14:36:27+08:00 ] /index.php/Product/index | INFO: Tag[ view_end ] --END-- [ RunTime:0.000930s ]
[ 2014-11-13T14:55:32+08:00 ] /index.php/Product/pic_edit/id/45 | INFO: Tag[ route_check ] --START--
[ 2014-11-13T14:55:32+08:00 ] /index.php/Product/pic_edit/id/45 | INFO: Run CheckRoute Behavior [ RunTime:0.000750s ]
[ 2014-11-13T14:55:32+08:00 ] /index.php/Product/pic_edit/id/45 | INFO: Tag[ route_check ] --END-- [ RunTime:0.000824s ]
[ 2014-11-13T14:55:32+08:00 ] /index.php/Product/pic_edit/id/45 | INFO: Tag[ app_begin ] --START--
[ 2014-11-13T14:55:32+08:00 ] /index.php/Product/pic_edit/id/45 | INFO: Run ReadHtmlCache Behavior [ RunTime:0.000498s ]
[ 2014-11-13T14:55:32+08:00 ] /index.php/Product/pic_edit/id/45 | INFO: Tag[ app_begin ] --END-- [ RunTime:0.000549s ]
[ 2014-11-13T14:55:32+08:00 ] /index.php/Product/pic_edit/id/45 | NOTIC: [2048] Declaration of BaseModel::add() should be compatible with Model::add($data = '', $options = Array, $replace = false) BaseModel.class.php 第 2 行.
[ 2014-11-13T14:55:32+08:00 ] /index.php/Product/pic_edit/id/45 | NOTIC: [2048] Declaration of BaseModel::delete() should be compatible with Model::delete($options = Array) BaseModel.class.php 第 2 行.
[ 2014-11-13T14:55:32+08:00 ] /index.php/Product/pic_edit/id/45 | NOTIC: [2048] Declaration of BaseModel::select() should be compatible with Model::select($options = Array) BaseModel.class.php 第 2 行.
[ 2014-11-13T14:55:32+08:00 ] /index.php/Product/pic_edit/id/45 | SQL: SHOW COLUMNS FROM `product` [ RunTime:0.006392s ]
[ 2014-11-13T14:55:32+08:00 ] /index.php/Product/pic_edit/id/45 | NOTIC: [2] Missing argument 2 for ProductModel::getPictureByProductId(), called in D:\wamp\www\shenyh\shop\trunk\server_1\server_admin_1\server_admin\Lib\Action\ProductAction.class.php on line 366 and defined ProductModel.class.php 第 129 行.
[ 2014-11-13T14:55:32+08:00 ] /index.php/Product/pic_edit/id/45 | NOTIC: [8] Undefined variable: type ProductModel.class.php 第 131 行.
[ 2014-11-13T14:55:32+08:00 ] /index.php/Product/pic_edit/id/45 | SQL: /*D:\wamp\www\shenyh\shop\trunk\server_1\server_admin_1\server_admin\Lib\Model\BaseModel.class.php,121*/select * from `picture` where 1 and product_id=45 order by order_sort asc [ RunTime:0.005374s ]
[ 2014-11-13T14:55:32+08:00 ] /index.php/Product/pic_edit/id/45 | INFO: Tag[ view_template ] --START--
[ 2014-11-13T14:55:32+08:00 ] /index.php/Product/pic_edit/id/45 | INFO: Run LocationTemplate Behavior [ RunTime:0.001251s ]
[ 2014-11-13T14:55:32+08:00 ] /index.php/Product/pic_edit/id/45 | INFO: Tag[ view_template ] --END-- [ RunTime:0.001339s ]
[ 2014-11-13T14:55:32+08:00 ] /index.php/Product/pic_edit/id/45 | INFO: Tag[ view_parse ] --START--
[ 2014-11-13T14:55:32+08:00 ] /index.php/Product/pic_edit/id/45 | INFO: Run ParseTemplate Behavior [ RunTime:0.015975s ]
[ 2014-11-13T14:55:32+08:00 ] /index.php/Product/pic_edit/id/45 | INFO: Tag[ view_parse ] --END-- [ RunTime:0.016059s ]
[ 2014-11-13T14:55:32+08:00 ] /index.php/Product/pic_edit/id/45 | INFO: Tag[ view_filter ] --START--
[ 2014-11-13T14:55:32+08:00 ] /index.php/Product/pic_edit/id/45 | INFO: Run ContentReplace Behavior [ RunTime:0.003495s ]
[ 2014-11-13T14:55:32+08:00 ] /index.php/Product/pic_edit/id/45 | INFO: Run TokenBuild Behavior [ RunTime:0.005543s ]
[ 2014-11-13T14:55:32+08:00 ] /index.php/Product/pic_edit/id/45 | INFO: Run WriteHtmlCache Behavior [ RunTime:0.000783s ]
[ 2014-11-13T14:55:32+08:00 ] /index.php/Product/pic_edit/id/45 | INFO: Run ShowRuntime Behavior [ RunTime:0.000900s ]
[ 2014-11-13T14:55:32+08:00 ] /index.php/Product/pic_edit/id/45 | INFO: Tag[ view_filter ] --END-- [ RunTime:0.011051s ]
[ 2014-11-13T14:55:32+08:00 ] /index.php/Product/pic_edit/id/45 | INFO: Tag[ view_end ] --START--
[ 2014-11-13T14:55:32+08:00 ] /index.php/Product/pic_edit/id/45 | INFO: Run ShowPageTrace Behavior [ RunTime:0.000801s ]
[ 2014-11-13T14:55:32+08:00 ] /index.php/Product/pic_edit/id/45 | INFO: Tag[ view_end ] --END-- [ RunTime:0.000907s ]
[ 2014-11-13T14:55:37+08:00 ] /index.php/Product/index | INFO: Tag[ route_check ] --START--
[ 2014-11-13T14:55:37+08:00 ] /index.php/Product/index | INFO: Run CheckRoute Behavior [ RunTime:0.000991s ]
[ 2014-11-13T14:55:37+08:00 ] /index.php/Product/index | INFO: Tag[ route_check ] --END-- [ RunTime:0.001071s ]
[ 2014-11-13T14:55:37+08:00 ] /index.php/Product/index | INFO: Tag[ app_begin ] --START--
[ 2014-11-13T14:55:37+08:00 ] /index.php/Product/index | INFO: Run ReadHtmlCache Behavior [ RunTime:0.000586s ]
[ 2014-11-13T14:55:37+08:00 ] /index.php/Product/index | INFO: Tag[ app_begin ] --END-- [ RunTime:0.000639s ]
[ 2014-11-13T14:55:37+08:00 ] /index.php/Product/index | SQL: SHOW COLUMNS FROM `product` [ RunTime:0.005142s ]
[ 2014-11-13T14:55:37+08:00 ] /index.php/Product/index | SQL: SELECT COUNT(*) AS tp_count FROM `product` WHERE ( `is_del` = 0 ) LIMIT 1   [ RunTime:0.003351s ]
[ 2014-11-13T14:55:38+08:00 ] /index.php/Product/index | SQL: SELECT * FROM `product` WHERE ( `is_del` = 0 ) ORDER BY id DESC LIMIT 0,10   [ RunTime:1.318343s ]
[ 2014-11-13T14:55:38+08:00 ] /index.php/Product/index | NOTIC: [2048] Declaration of BaseModel::add() should be compatible with Model::add($data = '', $options = Array, $replace = false) BaseModel.class.php 第 177 行.
[ 2014-11-13T14:55:38+08:00 ] /index.php/Product/index | NOTIC: [2048] Declaration of BaseModel::delete() should be compatible with Model::delete($options = Array) BaseModel.class.php 第 177 行.
[ 2014-11-13T14:55:38+08:00 ] /index.php/Product/index | NOTIC: [2048] Declaration of BaseModel::select() should be compatible with Model::select($options = Array) BaseModel.class.php 第 177 行.
[ 2014-11-13T14:55:38+08:00 ] /index.php/Product/index | SQL: SHOW COLUMNS FROM `product` [ RunTime:0.005320s ]
[ 2014-11-13T14:55:38+08:00 ] /index.php/Product/index | SQL: /*D:\wamp\www\shenyh\shop\trunk\server_1\server_admin_1\server_admin\Lib\Model\BaseModel.class.php,121*/select * from `hospital` where 1 and status=2  and id=21 [ RunTime:0.006617s ]
[ 2014-11-13T14:55:38+08:00 ] /index.php/Product/index | SQL: /*D:\wamp\www\shenyh\shop\trunk\server_1\server_admin_1\server_admin\Lib\Model\BaseModel.class.php,121*/select * from `hospital` where 1 and status=2  and id=14 [ RunTime:0.024772s ]
[ 2014-11-13T14:55:38+08:00 ] /index.php/Product/index | SQL: /*D:\wamp\www\shenyh\shop\trunk\server_1\server_admin_1\server_admin\Lib\Model\BaseModel.class.php,121*/select * from `hospital` where 1 and status=2  and id=15 [ RunTime:0.005624s ]
[ 2014-11-13T14:55:38+08:00 ] /index.php/Product/index | SQL: /*D:\wamp\www\shenyh\shop\trunk\server_1\server_admin_1\server_admin\Lib\Model\BaseModel.class.php,121*/select * from `hospital` where 1 and status=2  and id=10 [ RunTime:0.007738s ]
[ 2014-11-13T14:55:38+08:00 ] /index.php/Product/index | SQL: /*D:\wamp\www\shenyh\shop\trunk\server_1\server_admin_1\server_admin\Lib\Model\BaseModel.class.php,121*/select * from `hospital` where 1 and status=2  and id=13 [ RunTime:0.005571s ]
[ 2014-11-13T14:55:38+08:00 ] /index.php/Product/index | SQL: /*D:\wamp\www\shenyh\shop\trunk\server_1\server_admin_1\server_admin\Lib\Model\BaseModel.class.php,121*/select * from `hospital` where 1 and status=2  and id=7 [ RunTime:0.028774s ]
[ 2014-11-13T14:55:38+08:00 ] /index.php/Product/index | SQL: /*D:\wamp\www\shenyh\shop\trunk\server_1\server_admin_1\server_admin\Lib\Model\BaseModel.class.php,121*/select * from `hospital` where 1 and status=2  and id=7 [ RunTime:0.005501s ]
[ 2014-11-13T14:55:38+08:00 ] /index.php/Product/index | SQL: /*D:\wamp\www\shenyh\shop\trunk\server_1\server_admin_1\server_admin\Lib\Model\BaseModel.class.php,121*/select * from `hospital` where 1 and status=2  and id=7 [ RunTime:0.040788s ]
[ 2014-11-13T14:55:38+08:00 ] /index.php/Product/index | SQL: /*D:\wamp\www\shenyh\shop\trunk\server_1\server_admin_1\server_admin\Lib\Model\BaseModel.class.php,121*/select * from `hospital` where 1 and status=2  and id=8 [ RunTime:0.006973s ]
[ 2014-11-13T14:55:38+08:00 ] /index.php/Product/index | SQL: SHOW COLUMNS FROM `product` [ RunTime:0.009275s ]
[ 2014-11-13T14:55:42+08:00 ] /index.php/Product/index | SQL: /*D:\wamp\www\shenyh\shop\trunk\server_1\server_admin_1\server_admin\Lib\Model\BaseModel.class.php,121*/select * from `product` where is_del=0 order by `id` desc [ RunTime:3.760155s ]
[ 2014-11-13T14:55:42+08:00 ] /index.php/Product/index | SQL: /*D:\wamp\www\shenyh\shop\trunk\server_1\server_admin_1\server_admin\Lib\Model\BaseModel.class.php,121*/select * from `hospital` where 1 and status=2  and id=21 [ RunTime:0.011798s ]
[ 2014-11-13T14:55:42+08:00 ] /index.php/Product/index | SQL: /*D:\wamp\www\shenyh\shop\trunk\server_1\server_admin_1\server_admin\Lib\Model\BaseModel.class.php,121*/select * from `hospital` where 1 and status=2  and id=14 [ RunTime:0.034818s ]
[ 2014-11-13T14:55:42+08:00 ] /index.php/Product/index | SQL: /*D:\wamp\www\shenyh\shop\trunk\server_1\server_admin_1\server_admin\Lib\Model\BaseModel.class.php,121*/select * from `hospital` where 1 and status=2  and id=15 [ RunTime:0.010164s ]
[ 2014-11-13T14:55:42+08:00 ] /index.php/Product/index | SQL: /*D:\wamp\www\shenyh\shop\trunk\server_1\server_admin_1\server_admin\Lib\Model\BaseModel.class.php,121*/select * from `hospital` where 1 and status=2  and id=10 [ RunTime:0.008745s ]
[ 2014-11-13T14:55:42+08:00 ] /index.php/Product/index | SQL: /*D:\wamp\www\shenyh\shop\trunk\server_1\server_admin_1\server_admin\Lib\Model\BaseModel.class.php,121*/select * from `hospital` where 1 and status=2  and id=13 [ RunTime:0.011225s ]
[ 2014-11-13T14:55:42+08:00 ] /index.php/Product/index | SQL: /*D:\wamp\www\shenyh\shop\trunk\server_1\server_admin_1\server_admin\Lib\Model\BaseModel.class.php,121*/select * from `hospital` where 1 and status=2  and id=7 [ RunTime:0.016837s ]
[ 2014-11-13T14:55:42+08:00 ] /index.php/Product/index | SQL: /*D:\wamp\www\shenyh\shop\trunk\server_1\server_admin_1\server_admin\Lib\Model\BaseModel.class.php,121*/select * from `hospital` where 1 and status=2  and id=7 [ RunTime:0.010646s ]
[ 2014-11-13T14:55:42+08:00 ] /index.php/Product/index | SQL: /*D:\wamp\www\shenyh\shop\trunk\server_1\server_admin_1\server_admin\Lib\Model\BaseModel.class.php,121*/select * from `hospital` where 1 and status=2  and id=7 [ RunTime:0.037743s ]
[ 2014-11-13T14:55:42+08:00 ] /index.php/Product/index | SQL: /*D:\wamp\www\shenyh\shop\trunk\server_1\server_admin_1\server_admin\Lib\Model\BaseModel.class.php,121*/select * from `hospital` where 1 and status=2  and id=8 [ RunTime:0.014598s ]
[ 2014-11-13T14:55:42+08:00 ] /index.php/Product/index | SQL: /*D:\wamp\www\shenyh\shop\trunk\server_1\server_admin_1\server_admin\Lib\Model\BaseModel.class.php,121*/select * from `hospital` where 1 and status=2  and id=7 [ RunTime:0.013897s ]
[ 2014-11-13T14:55:42+08:00 ] /index.php/Product/index | SQL: /*D:\wamp\www\shenyh\shop\trunk\server_1\server_admin_1\server_admin\Lib\Model\BaseModel.class.php,121*/select * from `hospital` where 1 and status=2  and id=12 [ RunTime:0.026607s ]
[ 2014-11-13T14:55:42+08:00 ] /index.php/Product/index | SQL: /*D:\wamp\www\shenyh\shop\trunk\server_1\server_admin_1\server_admin\Lib\Model\BaseModel.class.php,121*/select * from `hospital` where 1 and status=2  and id=11 [ RunTime:0.013324s ]
[ 2014-11-13T14:55:42+08:00 ] /index.php/Product/index | SQL: /*D:\wamp\www\shenyh\shop\trunk\server_1\server_admin_1\server_admin\Lib\Model\BaseModel.class.php,121*/select * from `hospital` where 1 and status=2  and id=9 [ RunTime:0.011584s ]
[ 2014-11-13T14:55:42+08:00 ] /index.php/Product/index | SQL: /*D:\wamp\www\shenyh\shop\trunk\server_1\server_admin_1\server_admin\Lib\Model\BaseModel.class.php,121*/select * from `hospital` where 1 and status=2  and id=16 [ RunTime:0.014773s ]
[ 2014-11-13T14:55:42+08:00 ] /index.php/Product/index | SQL: /*D:\wamp\www\shenyh\shop\trunk\server_1\server_admin_1\server_admin\Lib\Model\BaseModel.class.php,121*/select * from `hospital` where 1 and status=2  and id=14 [ RunTime:0.009589s ]
[ 2014-11-13T14:55:42+08:00 ] /index.php/Product/index | SQL: /*D:\wamp\www\shenyh\shop\trunk\server_1\server_admin_1\server_admin\Lib\Model\BaseModel.class.php,121*/select * from `hospital` where 1 and status=2  and id=15 [ RunTime:0.010685s ]
[ 2014-11-13T14:55:42+08:00 ] /index.php/Product/index | SQL: /*D:\wamp\www\shenyh\shop\trunk\server_1\server_admin_1\server_admin\Lib\Model\BaseModel.class.php,121*/select * from `hospital` where 1 and status=2  and id=19 [ RunTime:0.015497s ]
[ 2014-11-13T14:55:42+08:00 ] /index.php/Product/index | SQL: /*D:\wamp\www\shenyh\shop\trunk\server_1\server_admin_1\server_admin\Lib\Model\BaseModel.class.php,121*/select * from `hospital` where 1 and status=2  and id=20 [ RunTime:0.014691s ]
[ 2014-11-13T14:55:42+08:00 ] /index.php/Product/index | SQL: /*D:\wamp\www\shenyh\shop\trunk\server_1\server_admin_1\server_admin\Lib\Model\BaseModel.class.php,121*/select * from `hospital` where 1 and status=2  and id=6 [ RunTime:0.013567s ]
[ 2014-11-13T14:55:42+08:00 ] /index.php/Product/index | SQL: /*D:\wamp\www\shenyh\shop\trunk\server_1\server_admin_1\server_admin\Lib\Model\BaseModel.class.php,121*/select * from `hospital` where 1 and status=2  and id=19 [ RunTime:0.014239s ]
[ 2014-11-13T14:55:42+08:00 ] /index.php/Product/index | SQL: /*D:\wamp\www\shenyh\shop\trunk\server_1\server_admin_1\server_admin\Lib\Model\BaseModel.class.php,121*/select * from `hospital` where 1 and status=2  and id=13 [ RunTime:0.021990s ]
[ 2014-11-13T14:55:42+08:00 ] /index.php/Product/index | SQL: /*D:\wamp\www\shenyh\shop\trunk\server_1\server_admin_1\server_admin\Lib\Model\BaseModel.class.php,121*/select * from `hospital` where 1 and status=2  and id=8 [ RunTime:0.013613s ]
[ 2014-11-13T14:55:42+08:00 ] /index.php/Product/index | SQL: /*D:\wamp\www\shenyh\shop\trunk\server_1\server_admin_1\server_admin\Lib\Model\BaseModel.class.php,121*/select * from `hospital` where 1 and status=2  and id=6 [ RunTime:0.035990s ]
[ 2014-11-13T14:55:42+08:00 ] /index.php/Product/index | SQL: /*D:\wamp\www\shenyh\shop\trunk\server_1\server_admin_1\server_admin\Lib\Model\BaseModel.class.php,121*/select * from `hospital` where 1 and status=2  and id=7 [ RunTime:0.012192s ]
[ 2014-11-13T14:55:42+08:00 ] /index.php/Product/index | SQL: /*D:\wamp\www\shenyh\shop\trunk\server_1\server_admin_1\server_admin\Lib\Model\BaseModel.class.php,121*/select * from `hospital` where 1 and status=2  and id=18 [ RunTime:0.020105s ]
[ 2014-11-13T14:55:42+08:00 ] /index.php/Product/index | SQL: /*D:\wamp\www\shenyh\shop\trunk\server_1\server_admin_1\server_admin\Lib\Model\BaseModel.class.php,121*/select * from `hospital` where 1 and status=2  and id=17 [ RunTime:0.014424s ]
[ 2014-11-13T14:55:42+08:00 ] /index.php/Product/index | INFO: Tag[ view_template ] --START--
[ 2014-11-13T14:55:42+08:00 ] /index.php/Product/index | INFO: Run LocationTemplate Behavior [ RunTime:0.000790s ]
[ 2014-11-13T14:55:42+08:00 ] /index.php/Product/index | INFO: Tag[ view_template ] --END-- [ RunTime:0.000852s ]
[ 2014-11-13T14:55:42+08:00 ] /index.php/Product/index | INFO: Tag[ view_parse ] --START--
[ 2014-11-13T14:55:43+08:00 ] /index.php/Product/index | NOTIC: [8] Undefined index: search e2da2d048bfd7d0b1b5f4ff882638740.php 第 134 行.
[ 2014-11-13T14:55:43+08:00 ] /index.php/Product/index | NOTIC: [8] Undefined index: title e2da2d048bfd7d0b1b5f4ff882638740.php 第 140 行.
[ 2014-11-13T14:55:43+08:00 ] /index.php/Product/index | NOTIC: [8] Undefined index: hospital_name e2da2d048bfd7d0b1b5f4ff882638740.php 第 168 行.
[ 2014-11-13T14:55:43+08:00 ] /index.php/Product/index | NOTIC: [8] Undefined index: hospital_name e2da2d048bfd7d0b1b5f4ff882638740.php 第 168 行.
[ 2014-11-13T14:55:43+08:00 ] /index.php/Product/index | NOTIC: [8] Undefined index: hospital_name e2da2d048bfd7d0b1b5f4ff882638740.php 第 168 行.
[ 2014-11-13T14:55:43+08:00 ] /index.php/Product/index | NOTIC: [8] Undefined index: hospital_name e2da2d048bfd7d0b1b5f4ff882638740.php 第 168 行.
[ 2014-11-13T14:55:43+08:00 ] /index.php/Product/index | NOTIC: [8] Undefined index: hospital_name e2da2d048bfd7d0b1b5f4ff882638740.php 第 168 行.
[ 2014-11-13T14:55:43+08:00 ] /index.php/Product/index | NOTIC: [8] Undefined index: hospital_name e2da2d048bfd7d0b1b5f4ff882638740.php 第 168 行.
[ 2014-11-13T14:55:43+08:00 ] /index.php/Product/index | NOTIC: [8] Undefined index: hospital_name e2da2d048bfd7d0b1b5f4ff882638740.php 第 168 行.
[ 2014-11-13T14:55:43+08:00 ] /index.php/Product/index | NOTIC: [8] Undefined index: hospital_name e2da2d048bfd7d0b1b5f4ff882638740.php 第 168 行.
[ 2014-11-13T14:55:43+08:00 ] /index.php/Product/index | NOTIC: [8] Undefined index: hospital_name e2da2d048bfd7d0b1b5f4ff882638740.php 第 168 行.
[ 2014-11-13T14:55:43+08:00 ] /index.php/Product/index | NOTIC: [8] Undefined index: hospital_name e2da2d048bfd7d0b1b5f4ff882638740.php 第 168 行.
[ 2014-11-13T14:55:43+08:00 ] /index.php/Product/index | INFO: Run ParseTemplate Behavior [ RunTime:0.012243s ]
[ 2014-11-13T14:55:43+08:00 ] /index.php/Product/index | INFO: Tag[ view_parse ] --END-- [ RunTime:0.012302s ]
[ 2014-11-13T14:55:43+08:00 ] /index.php/Product/index | INFO: Tag[ view_filter ] --START--
[ 2014-11-13T14:55:43+08:00 ] /index.php/Product/index | INFO: Run ContentReplace Behavior [ RunTime:0.000674s ]
[ 2014-11-13T14:55:43+08:00 ] /index.php/Product/index | INFO: Run TokenBuild Behavior [ RunTime:0.000568s ]
[ 2014-11-13T14:55:43+08:00 ] /index.php/Product/index | INFO: Run WriteHtmlCache Behavior [ RunTime:0.000374s ]
[ 2014-11-13T14:55:43+08:00 ] /index.php/Product/index | INFO: Run ShowRuntime Behavior [ RunTime:0.000543s ]
[ 2014-11-13T14:55:43+08:00 ] /index.php/Product/index | INFO: Tag[ view_filter ] --END-- [ RunTime:0.002307s ]
[ 2014-11-13T14:55:43+08:00 ] /index.php/Product/index | INFO: Tag[ view_end ] --START--
[ 2014-11-13T14:55:43+08:00 ] /index.php/Product/index | INFO: Run ShowPageTrace Behavior [ RunTime:0.000483s ]
[ 2014-11-13T14:55:43+08:00 ] /index.php/Product/index | INFO: Tag[ view_end ] --END-- [ RunTime:0.000533s ]
[ 2014-11-13T14:55:46+08:00 ] /index.php/Product/index?&p=3 | INFO: Tag[ route_check ] --START--
[ 2014-11-13T14:55:46+08:00 ] /index.php/Product/index?&p=3 | INFO: Run CheckRoute Behavior [ RunTime:0.001037s ]
[ 2014-11-13T14:55:46+08:00 ] /index.php/Product/index?&p=3 | INFO: Tag[ route_check ] --END-- [ RunTime:0.001142s ]
[ 2014-11-13T14:55:46+08:00 ] /index.php/Product/index?&p=3 | INFO: Tag[ app_begin ] --START--
[ 2014-11-13T14:55:46+08:00 ] /index.php/Product/index?&p=3 | INFO: Run ReadHtmlCache Behavior [ RunTime:0.001038s ]
[ 2014-11-13T14:55:46+08:00 ] /index.php/Product/index?&p=3 | INFO: Tag[ app_begin ] --END-- [ RunTime:0.001115s ]
[ 2014-11-13T14:55:46+08:00 ] /index.php/Product/index?&p=3 | SQL: SHOW COLUMNS FROM `product` [ RunTime:0.014019s ]
[ 2014-11-13T14:55:46+08:00 ] /index.php/Product/index?&p=3 | SQL: SELECT COUNT(*) AS tp_count FROM `product` WHERE ( `is_del` = 0 ) LIMIT 1   [ RunTime:0.011981s ]
[ 2014-11-13T14:55:47+08:00 ] /index.php/Product/index?&p=3 | SQL: SELECT * FROM `product` WHERE ( `is_del` = 0 ) ORDER BY id DESC LIMIT 20,10   [ RunTime:1.488988s ]
[ 2014-11-13T14:55:47+08:00 ] /index.php/Product/index?&p=3 | NOTIC: [2048] Declaration of BaseModel::add() should be compatible with Model::add($data = '', $options = Array, $replace = false) BaseModel.class.php 第 177 行.
[ 2014-11-13T14:55:47+08:00 ] /index.php/Product/index?&p=3 | NOTIC: [2048] Declaration of BaseModel::delete() should be compatible with Model::delete($options = Array) BaseModel.class.php 第 177 行.
[ 2014-11-13T14:55:47+08:00 ] /index.php/Product/index?&p=3 | NOTIC: [2048] Declaration of BaseModel::select() should be compatible with Model::select($options = Array) BaseModel.class.php 第 177 行.
[ 2014-11-13T14:55:47+08:00 ] /index.php/Product/index?&p=3 | SQL: SHOW COLUMNS FROM `product` [ RunTime:0.014919s ]
[ 2014-11-13T14:55:47+08:00 ] /index.php/Product/index?&p=3 | SQL: /*D:\wamp\www\shenyh\shop\trunk\server_1\server_admin_1\server_admin\Lib\Model\BaseModel.class.php,121*/select * from `hospital` where 1 and status=2  and id=6 [ RunTime:0.030603s ]
[ 2014-11-13T14:55:47+08:00 ] /index.php/Product/index?&p=3 | SQL: /*D:\wamp\www\shenyh\shop\trunk\server_1\server_admin_1\server_admin\Lib\Model\BaseModel.class.php,121*/select * from `hospital` where 1 and status=2  and id=19 [ RunTime:0.013224s ]
[ 2014-11-13T14:55:47+08:00 ] /index.php/Product/index?&p=3 | SQL: /*D:\wamp\www\shenyh\shop\trunk\server_1\server_admin_1\server_admin\Lib\Model\BaseModel.class.php,121*/select * from `hospital` where 1 and status=2  and id=13 [ RunTime:0.014961s ]
[ 2014-11-13T14:55:47+08:00 ] /index.php/Product/index?&p=3 | SQL: /*D:\wamp\www\shenyh\shop\trunk\server_1\server_admin_1\server_admin\Lib\Model\BaseModel.class.php,121*/select * from `hospital` where 1 and status=2  and id=8 [ RunTime:0.021409s ]
[ 2014-11-13T14:55:47+08:00 ] /index.php/Product/index?&p=3 | SQL: /*D:\wamp\www\shenyh\shop\trunk\server_1\server_admin_1\server_admin\Lib\Model\BaseModel.class.php,121*/select * from `hospital` where 1 and status=2  and id=6 [ RunTime:0.011306s ]
[ 2014-11-13T14:55:47+08:00 ] /index.php/Product/index?&p=3 | SQL: /*D:\wamp\www\shenyh\shop\trunk\server_1\server_admin_1\server_admin\Lib\Model\BaseModel.class.php,121*/select * from `hospital` where 1 and status=2  and id=7 [ RunTime:0.034849s ]
[ 2014-11-13T14:55:47+08:00 ] /index.php/Product/index?&p=3 | SQL: /*D:\wamp\www\shenyh\shop\trunk\server_1\server_admin_1\server_admin\Lib\Model\BaseModel.class.php,121*/select * from `hospital` where 1 and status=2  and id=18 [ RunTime:0.016098s ]
[ 2014-11-13T14:55:47+08:00 ] /index.php/Product/index?&p=3 | SQL: /*D:\wamp\www\shenyh\shop\trunk\server_1\server_admin_1\server_admin\Lib\Model\BaseModel.class.php,121*/select * from `hospital` where 1 and status=2  and id=17 [ RunTime:0.014094s ]
[ 2014-11-13T14:55:47+08:00 ] /index.php/Product/index?&p=3 | SQL: SHOW COLUMNS FROM `product` [ RunTime:0.013323s ]
[ 2014-11-13T14:55:52+08:00 ] /index.php/Product/index?&p=3 | SQL: /*D:\wamp\www\shenyh\shop\trunk\server_1\server_admin_1\server_admin\Lib\Model\BaseModel.class.php,121*/select * from `product` where is_del=0 order by `id` desc [ RunTime:4.511743s ]
[ 2014-11-13T14:55:52+08:00 ] /index.php/Product/index?&p=3 | SQL: /*D:\wamp\www\shenyh\shop\trunk\server_1\server_admin_1\server_admin\Lib\Model\BaseModel.class.php,121*/select * from `hospital` where 1 and status=2  and id=21 [ RunTime:0.015000s ]
[ 2014-11-13T14:55:52+08:00 ] /index.php/Product/index?&p=3 | SQL: /*D:\wamp\www\shenyh\shop\trunk\server_1\server_admin_1\server_admin\Lib\Model\BaseModel.class.php,121*/select * from `hospital` where 1 and status=2  and id=14 [ RunTime:0.015963s ]
[ 2014-11-13T14:55:52+08:00 ] /index.php/Product/index?&p=3 | SQL: /*D:\wamp\www\shenyh\shop\trunk\server_1\server_admin_1\server_admin\Lib\Model\BaseModel.class.php,121*/select * from `hospital` where 1 and status=2  and id=15 [ RunTime:0.019062s ]
[ 2014-11-13T14:55:52+08:00 ] /index.php/Product/index?&p=3 | SQL: /*D:\wamp\www\shenyh\shop\trunk\server_1\server_admin_1\server_admin\Lib\Model\BaseModel.class.php,121*/select * from `hospital` where 1 and status=2  and id=10 [ RunTime:0.012932s ]
[ 2014-11-13T14:55:52+08:00 ] /index.php/Product/index?&p=3 | SQL: /*D:\wamp\www\shenyh\shop\trunk\server_1\server_admin_1\server_admin\Lib\Model\BaseModel.class.php,121*/select * from `hospital` where 1 and status=2  and id=13 [ RunTime:0.012190s ]
[ 2014-11-13T14:55:52+08:00 ] /index.php/Product/index?&p=3 | SQL: /*D:\wamp\www\shenyh\shop\trunk\server_1\server_admin_1\server_admin\Lib\Model\BaseModel.class.php,121*/select * from `hospital` where 1 and status=2  and id=7 [ RunTime:0.025522s ]
[ 2014-11-13T14:55:52+08:00 ] /index.php/Product/index?&p=3 | SQL: /*D:\wamp\www\shenyh\shop\trunk\server_1\server_admin_1\server_admin\Lib\Model\BaseModel.class.php,121*/select * from `hospital` where 1 and status=2  and id=7 [ RunTime:0.015704s ]
[ 2014-11-13T14:55:53+08:00 ] /index.php/Product/index?&p=3 | SQL: /*D:\wamp\www\shenyh\shop\trunk\server_1\server_admin_1\server_admin\Lib\Model\BaseModel.class.php,121*/select * from `hospital` where 1 and status=2  and id=7 [ RunTime:0.498845s ]
[ 2014-11-13T14:55:53+08:00 ] /index.php/Product/index?&p=3 | SQL: /*D:\wamp\www\shenyh\shop\trunk\server_1\server_admin_1\server_admin\Lib\Model\BaseModel.class.php,121*/select * from `hospital` where 1 and status=2  and id=8 [ RunTime:0.012470s ]
[ 2014-11-13T14:55:53+08:00 ] /index.php/Product/index?&p=3 | SQL: /*D:\wamp\www\shenyh\shop\trunk\server_1\server_admin_1\server_admin\Lib\Model\BaseModel.class.php,121*/select * from `hospital` where 1 and status=2  and id=7 [ RunTime:0.013039s ]
[ 2014-11-13T14:55:53+08:00 ] /index.php/Product/index?&p=3 | SQL: /*D:\wamp\www\shenyh\shop\trunk\server_1\server_admin_1\server_admin\Lib\Model\BaseModel.class.php,121*/select * from `hospital` where 1 and status=2  and id=12 [ RunTime:0.021275s ]
[ 2014-11-13T14:55:53+08:00 ] /index.php/Product/index?&p=3 | SQL: /*D:\wamp\www\shenyh\shop\trunk\server_1\server_admin_1\server_admin\Lib\Model\BaseModel.class.php,121*/select * from `hospital` where 1 and status=2  and id=11 [ RunTime:0.011950s ]
[ 2014-11-13T14:55:53+08:00 ] /index.php/Product/index?&p=3 | SQL: /*D:\wamp\www\shenyh\shop\trunk\server_1\server_admin_1\server_admin\Lib\Model\BaseModel.class.php,121*/select * from `hospital` where 1 and status=2  and id=9 [ RunTime:0.013530s ]
[ 2014-11-13T14:55:53+08:00 ] /index.php/Product/index?&p=3 | SQL: /*D:\wamp\www\shenyh\shop\trunk\server_1\server_admin_1\server_admin\Lib\Model\BaseModel.class.php,121*/select * from `hospital` where 1 and status=2  and id=16 [ RunTime:0.024481s ]
[ 2014-11-13T14:55:53+08:00 ] /index.php/Product/index?&p=3 | SQL: /*D:\wamp\www\shenyh\shop\trunk\server_1\server_admin_1\server_admin\Lib\Model\BaseModel.class.php,121*/select * from `hospital` where 1 and status=2  and id=14 [ RunTime:0.013511s ]
[ 2014-11-13T14:55:53+08:00 ] /index.php/Product/index?&p=3 | SQL: /*D:\wamp\www\shenyh\shop\trunk\server_1\server_admin_1\server_admin\Lib\Model\BaseModel.class.php,121*/select * from `hospital` where 1 and status=2  and id=15 [ RunTime:0.017039s ]
[ 2014-11-13T14:55:53+08:00 ] /index.php/Product/index?&p=3 | SQL: /*D:\wamp\www\shenyh\shop\trunk\server_1\server_admin_1\server_admin\Lib\Model\BaseModel.class.php,121*/select * from `hospital` where 1 and status=2  and id=19 [ RunTime:0.014305s ]
[ 2014-11-13T14:55:53+08:00 ] /index.php/Product/index?&p=3 | SQL: /*D:\wamp\www\shenyh\shop\trunk\server_1\server_admin_1\server_admin\Lib\Model\BaseModel.class.php,121*/select * from `hospital` where 1 and status=2  and id=20 [ RunTime:0.014933s ]
[ 2014-11-13T14:55:53+08:00 ] /index.php/Product/index?&p=3 | SQL: /*D:\wamp\www\shenyh\shop\trunk\server_1\server_admin_1\server_admin\Lib\Model\BaseModel.class.php,121*/select * from `hospital` where 1 and status=2  and id=6 [ RunTime:0.012660s ]
[ 2014-11-13T14:55:53+08:00 ] /index.php/Product/index?&p=3 | SQL: /*D:\wamp\www\shenyh\shop\trunk\server_1\server_admin_1\server_admin\Lib\Model\BaseModel.class.php,121*/select * from `hospital` where 1 and status=2  and id=19 [ RunTime:0.016445s ]
[ 2014-11-13T14:55:53+08:00 ] /index.php/Product/index?&p=3 | SQL: /*D:\wamp\www\shenyh\shop\trunk\server_1\server_admin_1\server_admin\Lib\Model\BaseModel.class.php,121*/select * from `hospital` where 1 and status=2  and id=13 [ RunTime:0.446913s ]
[ 2014-11-13T14:55:53+08:00 ] /index.php/Product/index?&p=3 | SQL: /*D:\wamp\www\shenyh\shop\trunk\server_1\server_admin_1\server_admin\Lib\Model\BaseModel.class.php,121*/select * from `hospital` where 1 and status=2  and id=8 [ RunTime:0.012409s ]
[ 2014-11-13T14:55:53+08:00 ] /index.php/Product/index?&p=3 | SQL: /*D:\wamp\www\shenyh\shop\trunk\server_1\server_admin_1\server_admin\Lib\Model\BaseModel.class.php,121*/select * from `hospital` where 1 and status=2  and id=6 [ RunTime:0.015500s ]
[ 2014-11-13T14:55:53+08:00 ] /index.php/Product/index?&p=3 | SQL: /*D:\wamp\www\shenyh\shop\trunk\server_1\server_admin_1\server_admin\Lib\Model\BaseModel.class.php,121*/select * from `hospital` where 1 and status=2  and id=7 [ RunTime:0.009408s ]
[ 2014-11-13T14:55:53+08:00 ] /index.php/Product/index?&p=3 | SQL: /*D:\wamp\www\shenyh\shop\trunk\server_1\server_admin_1\server_admin\Lib\Model\BaseModel.class.php,121*/select * from `hospital` where 1 and status=2  and id=18 [ RunTime:0.038138s ]
[ 2014-11-13T14:55:53+08:00 ] /index.php/Product/index?&p=3 | SQL: /*D:\wamp\www\shenyh\shop\trunk\server_1\server_admin_1\server_admin\Lib\Model\BaseModel.class.php,121*/select * from `hospital` where 1 and status=2  and id=17 [ RunTime:0.011916s ]
[ 2014-11-13T14:55:53+08:00 ] /index.php/Product/index?&p=3 | INFO: Tag[ view_template ] --START--
[ 2014-11-13T14:55:53+08:00 ] /index.php/Product/index?&p=3 | INFO: Run LocationTemplate Behavior [ RunTime:0.000803s ]
[ 2014-11-13T14:55:53+08:00 ] /index.php/Product/index?&p=3 | INFO: Tag[ view_template ] --END-- [ RunTime:0.000866s ]
[ 2014-11-13T14:55:53+08:00 ] /index.php/Product/index?&p=3 | INFO: Tag[ view_parse ] --START--
[ 2014-11-13T14:55:53+08:00 ] /index.php/Product/index?&p=3 | NOTIC: [8] Undefined index: search e2da2d048bfd7d0b1b5f4ff882638740.php 第 134 行.
[ 2014-11-13T14:55:53+08:00 ] /index.php/Product/index?&p=3 | NOTIC: [8] Undefined index: title e2da2d048bfd7d0b1b5f4ff882638740.php 第 140 行.
[ 2014-11-13T14:55:53+08:00 ] /index.php/Product/index?&p=3 | NOTIC: [8] Undefined index: hospital_name e2da2d048bfd7d0b1b5f4ff882638740.php 第 168 行.
[ 2014-11-13T14:55:53+08:00 ] /index.php/Product/index?&p=3 | NOTIC: [8] Undefined index: hospital_name e2da2d048bfd7d0b1b5f4ff882638740.php 第 168 行.
[ 2014-11-13T14:55:53+08:00 ] /index.php/Product/index?&p=3 | NOTIC: [8] Undefined index: hospital_name e2da2d048bfd7d0b1b5f4ff882638740.php 第 168 行.
[ 2014-11-13T14:55:53+08:00 ] /index.php/Product/index?&p=3 | NOTIC: [8] Undefined index: hospital_name e2da2d048bfd7d0b1b5f4ff882638740.php 第 168 行.
[ 2014-11-13T14:55:53+08:00 ] /index.php/Product/index?&p=3 | NOTIC: [8] Undefined index: hospital_name e2da2d048bfd7d0b1b5f4ff882638740.php 第 168 行.
[ 2014-11-13T14:55:53+08:00 ] /index.php/Product/index?&p=3 | NOTIC: [8] Undefined index: hospital_name e2da2d048bfd7d0b1b5f4ff882638740.php 第 168 行.
[ 2014-11-13T14:55:53+08:00 ] /index.php/Product/index?&p=3 | NOTIC: [8] Undefined index: hospital_name e2da2d048bfd7d0b1b5f4ff882638740.php 第 168 行.
[ 2014-11-13T14:55:53+08:00 ] /index.php/Product/index?&p=3 | NOTIC: [8] Undefined index: hospital_name e2da2d048bfd7d0b1b5f4ff882638740.php 第 168 行.
[ 2014-11-13T14:55:53+08:00 ] /index.php/Product/index?&p=3 | INFO: Run ParseTemplate Behavior [ RunTime:0.027175s ]
[ 2014-11-13T14:55:53+08:00 ] /index.php/Product/index?&p=3 | INFO: Tag[ view_parse ] --END-- [ RunTime:0.027234s ]
[ 2014-11-13T14:55:53+08:00 ] /index.php/Product/index?&p=3 | INFO: Tag[ view_filter ] --START--
[ 2014-11-13T14:55:53+08:00 ] /index.php/Product/index?&p=3 | INFO: Run ContentReplace Behavior [ RunTime:0.000932s ]
[ 2014-11-13T14:55:53+08:00 ] /index.php/Product/index?&p=3 | INFO: Run TokenBuild Behavior [ RunTime:0.000972s ]
[ 2014-11-13T14:55:53+08:00 ] /index.php/Product/index?&p=3 | INFO: Run WriteHtmlCache Behavior [ RunTime:0.000590s ]
[ 2014-11-13T14:55:53+08:00 ] /index.php/Product/index?&p=3 | INFO: Run ShowRuntime Behavior [ RunTime:0.000881s ]
[ 2014-11-13T14:55:53+08:00 ] /index.php/Product/index?&p=3 | INFO: Tag[ view_filter ] --END-- [ RunTime:0.003613s ]
[ 2014-11-13T14:55:53+08:00 ] /index.php/Product/index?&p=3 | INFO: Tag[ view_end ] --START--
[ 2014-11-13T14:55:53+08:00 ] /index.php/Product/index?&p=3 | INFO: Run ShowPageTrace Behavior [ RunTime:0.000787s ]
[ 2014-11-13T14:55:53+08:00 ] /index.php/Product/index?&p=3 | INFO: Tag[ view_end ] --END-- [ RunTime:0.000873s ]
[ 2014-11-13T14:55:56+08:00 ] /index.php/Product/pic_edit/id/17 | INFO: Tag[ route_check ] --START--
[ 2014-11-13T14:55:56+08:00 ] /index.php/Product/pic_edit/id/17 | INFO: Run CheckRoute Behavior [ RunTime:0.001186s ]
[ 2014-11-13T14:55:56+08:00 ] /index.php/Product/pic_edit/id/17 | INFO: Tag[ route_check ] --END-- [ RunTime:0.001287s ]
[ 2014-11-13T14:55:56+08:00 ] /index.php/Product/pic_edit/id/17 | INFO: Tag[ app_begin ] --START--
[ 2014-11-13T14:55:56+08:00 ] /index.php/Product/pic_edit/id/17 | INFO: Run ReadHtmlCache Behavior [ RunTime:0.000681s ]
[ 2014-11-13T14:55:56+08:00 ] /index.php/Product/pic_edit/id/17 | INFO: Tag[ app_begin ] --END-- [ RunTime:0.000739s ]
[ 2014-11-13T14:55:56+08:00 ] /index.php/Product/pic_edit/id/17 | NOTIC: [2048] Declaration of BaseModel::add() should be compatible with Model::add($data = '', $options = Array, $replace = false) BaseModel.class.php 第 2 行.
[ 2014-11-13T14:55:56+08:00 ] /index.php/Product/pic_edit/id/17 | NOTIC: [2048] Declaration of BaseModel::delete() should be compatible with Model::delete($options = Array) BaseModel.class.php 第 2 行.
[ 2014-11-13T14:55:56+08:00 ] /index.php/Product/pic_edit/id/17 | NOTIC: [2048] Declaration of BaseModel::select() should be compatible with Model::select($options = Array) BaseModel.class.php 第 2 行.
[ 2014-11-13T14:55:56+08:00 ] /index.php/Product/pic_edit/id/17 | SQL: SHOW COLUMNS FROM `product` [ RunTime:0.010968s ]
[ 2014-11-13T14:55:56+08:00 ] /index.php/Product/pic_edit/id/17 | NOTIC: [2] Missing argument 2 for ProductModel::getPictureByProductId(), called in D:\wamp\www\shenyh\shop\trunk\server_1\server_admin_1\server_admin\Lib\Action\ProductAction.class.php on line 366 and defined ProductModel.class.php 第 129 行.
[ 2014-11-13T14:55:56+08:00 ] /index.php/Product/pic_edit/id/17 | NOTIC: [8] Undefined variable: type ProductModel.class.php 第 131 行.
[ 2014-11-13T14:55:56+08:00 ] /index.php/Product/pic_edit/id/17 | SQL: /*D:\wamp\www\shenyh\shop\trunk\server_1\server_admin_1\server_admin\Lib\Model\BaseModel.class.php,121*/select * from `picture` where 1 and product_id=17 order by order_sort asc [ RunTime:0.008303s ]
[ 2014-11-13T14:55:56+08:00 ] /index.php/Product/pic_edit/id/17 | INFO: Tag[ view_template ] --START--
[ 2014-11-13T14:55:56+08:00 ] /index.php/Product/pic_edit/id/17 | INFO: Run LocationTemplate Behavior [ RunTime:0.000856s ]
[ 2014-11-13T14:55:56+08:00 ] /index.php/Product/pic_edit/id/17 | INFO: Tag[ view_template ] --END-- [ RunTime:0.000916s ]
[ 2014-11-13T14:55:56+08:00 ] /index.php/Product/pic_edit/id/17 | INFO: Tag[ view_parse ] --START--
[ 2014-11-13T14:55:56+08:00 ] /index.php/Product/pic_edit/id/17 | INFO: Run ParseTemplate Behavior [ RunTime:0.013234s ]
[ 2014-11-13T14:55:56+08:00 ] /index.php/Product/pic_edit/id/17 | INFO: Tag[ view_parse ] --END-- [ RunTime:0.013309s ]
[ 2014-11-13T14:55:56+08:00 ] /index.php/Product/pic_edit/id/17 | INFO: Tag[ view_filter ] --START--
[ 2014-11-13T14:55:56+08:00 ] /index.php/Product/pic_edit/id/17 | INFO: Run ContentReplace Behavior [ RunTime:0.000768s ]
[ 2014-11-13T14:55:56+08:00 ] /index.php/Product/pic_edit/id/17 | INFO: Run TokenBuild Behavior [ RunTime:0.000814s ]
[ 2014-11-13T14:55:56+08:00 ] /index.php/Product/pic_edit/id/17 | INFO: Run WriteHtmlCache Behavior [ RunTime:0.000575s ]
[ 2014-11-13T14:55:56+08:00 ] /index.php/Product/pic_edit/id/17 | INFO: Run ShowRuntime Behavior [ RunTime:0.000855s ]
[ 2014-11-13T14:55:56+08:00 ] /index.php/Product/pic_edit/id/17 | INFO: Tag[ view_filter ] --END-- [ RunTime:0.003213s ]
[ 2014-11-13T14:55:56+08:00 ] /index.php/Product/pic_edit/id/17 | INFO: Tag[ view_end ] --START--
[ 2014-11-13T14:55:56+08:00 ] /index.php/Product/pic_edit/id/17 | INFO: Run ShowPageTrace Behavior [ RunTime:0.000761s ]
[ 2014-11-13T14:55:56+08:00 ] /index.php/Product/pic_edit/id/17 | INFO: Tag[ view_end ] --END-- [ RunTime:0.000842s ]
[ 2014-11-13T14:56:41+08:00 ] /index.php/Product/ajax_pic_eidt/id/294/type/5 | INFO: Tag[ route_check ] --START--
[ 2014-11-13T14:56:41+08:00 ] /index.php/Product/ajax_pic_eidt/id/294/type/5 | INFO: Run CheckRoute Behavior [ RunTime:0.001347s ]
[ 2014-11-13T14:56:41+08:00 ] /index.php/Product/ajax_pic_eidt/id/294/type/5 | INFO: Tag[ route_check ] --END-- [ RunTime:0.001463s ]
[ 2014-11-13T14:56:41+08:00 ] /index.php/Product/ajax_pic_eidt/id/294/type/5 | INFO: Tag[ app_begin ] --START--
[ 2014-11-13T14:56:41+08:00 ] /index.php/Product/ajax_pic_eidt/id/294/type/5 | INFO: Run ReadHtmlCache Behavior [ RunTime:0.001264s ]
[ 2014-11-13T14:56:41+08:00 ] /index.php/Product/ajax_pic_eidt/id/294/type/5 | INFO: Tag[ app_begin ] --END-- [ RunTime:0.001363s ]
[ 2014-11-13T14:56:41+08:00 ] /index.php/Product/ajax_pic_eidt/id/294/type/5 | NOTIC: [2048] Declaration of BaseModel::add() should be compatible with Model::add($data = '', $options = Array, $replace = false) BaseModel.class.php 第 2 行.
[ 2014-11-13T14:56:41+08:00 ] /index.php/Product/ajax_pic_eidt/id/294/type/5 | NOTIC: [2048] Declaration of BaseModel::delete() should be compatible with Model::delete($options = Array) BaseModel.class.php 第 2 行.
[ 2014-11-13T14:56:41+08:00 ] /index.php/Product/ajax_pic_eidt/id/294/type/5 | NOTIC: [2048] Declaration of BaseModel::select() should be compatible with Model::select($options = Array) BaseModel.class.php 第 2 行.
[ 2014-11-13T14:56:41+08:00 ] /index.php/Product/ajax_pic_eidt/id/294/type/5 | SQL: SHOW COLUMNS FROM `product` [ RunTime:0.005996s ]
[ 2014-11-13T14:56:41+08:00 ] /index.php/Product/ajax_pic_eidt/id/294/type/5 | SQL: update picture set type='5'  where  id=294 [ RunTime:0.003167s ]
[ 2014-11-13T14:56:42+08:00 ] /index.php/Product/pic_edit/id/17 | INFO: Tag[ route_check ] --START--
[ 2014-11-13T14:56:42+08:00 ] /index.php/Product/pic_edit/id/17 | INFO: Run CheckRoute Behavior [ RunTime:0.001486s ]
[ 2014-11-13T14:56:42+08:00 ] /index.php/Product/pic_edit/id/17 | INFO: Tag[ route_check ] --END-- [ RunTime:0.001612s ]
[ 2014-11-13T14:56:42+08:00 ] /index.php/Product/pic_edit/id/17 | INFO: Tag[ app_begin ] --START--
[ 2014-11-13T14:56:42+08:00 ] /index.php/Product/pic_edit/id/17 | INFO: Run ReadHtmlCache Behavior [ RunTime:0.001172s ]
[ 2014-11-13T14:56:42+08:00 ] /index.php/Product/pic_edit/id/17 | INFO: Tag[ app_begin ] --END-- [ RunTime:0.001264s ]
[ 2014-11-13T14:56:42+08:00 ] /index.php/Product/pic_edit/id/17 | NOTIC: [2048] Declaration of BaseModel::add() should be compatible with Model::add($data = '', $options = Array, $replace = false) BaseModel.class.php 第 2 行.
[ 2014-11-13T14:56:42+08:00 ] /index.php/Product/pic_edit/id/17 | NOTIC: [2048] Declaration of BaseModel::delete() should be compatible with Model::delete($options = Array) BaseModel.class.php 第 2 行.
[ 2014-11-13T14:56:42+08:00 ] /index.php/Product/pic_edit/id/17 | NOTIC: [2048] Declaration of BaseModel::select() should be compatible with Model::select($options = Array) BaseModel.class.php 第 2 行.
[ 2014-11-13T14:56:42+08:00 ] /index.php/Product/pic_edit/id/17 | SQL: SHOW COLUMNS FROM `product` [ RunTime:0.007667s ]
[ 2014-11-13T14:56:42+08:00 ] /index.php/Product/pic_edit/id/17 | NOTIC: [2] Missing argument 2 for ProductModel::getPictureByProductId(), called in D:\wamp\www\shenyh\shop\trunk\server_1\server_admin_1\server_admin\Lib\Action\ProductAction.class.php on line 366 and defined ProductModel.class.php 第 129 行.
[ 2014-11-13T14:56:42+08:00 ] /index.php/Product/pic_edit/id/17 | NOTIC: [8] Undefined variable: type ProductModel.class.php 第 131 行.
[ 2014-11-13T14:56:42+08:00 ] /index.php/Product/pic_edit/id/17 | SQL: /*D:\wamp\www\shenyh\shop\trunk\server_1\server_admin_1\server_admin\Lib\Model\BaseModel.class.php,121*/select * from `picture` where 1 and product_id=17 order by order_sort asc [ RunTime:0.007383s ]
[ 2014-11-13T14:56:42+08:00 ] /index.php/Product/pic_edit/id/17 | INFO: Tag[ view_template ] --START--
[ 2014-11-13T14:56:42+08:00 ] /index.php/Product/pic_edit/id/17 | INFO: Run LocationTemplate Behavior [ RunTime:0.001034s ]
[ 2014-11-13T14:56:42+08:00 ] /index.php/Product/pic_edit/id/17 | INFO: Tag[ view_template ] --END-- [ RunTime:0.001095s ]
[ 2014-11-13T14:56:42+08:00 ] /index.php/Product/pic_edit/id/17 | INFO: Tag[ view_parse ] --START--
[ 2014-11-13T14:56:42+08:00 ] /index.php/Product/pic_edit/id/17 | INFO: Run ParseTemplate Behavior [ RunTime:0.013444s ]
[ 2014-11-13T14:56:42+08:00 ] /index.php/Product/pic_edit/id/17 | INFO: Tag[ view_parse ] --END-- [ RunTime:0.013526s ]
[ 2014-11-13T14:56:42+08:00 ] /index.php/Product/pic_edit/id/17 | INFO: Tag[ view_filter ] --START--
[ 2014-11-13T14:56:42+08:00 ] /index.php/Product/pic_edit/id/17 | INFO: Run ContentReplace Behavior [ RunTime:0.001017s ]
[ 2014-11-13T14:56:42+08:00 ] /index.php/Product/pic_edit/id/17 | INFO: Run TokenBuild Behavior [ RunTime:0.000794s ]
[ 2014-11-13T14:56:42+08:00 ] /index.php/Product/pic_edit/id/17 | INFO: Run WriteHtmlCache Behavior [ RunTime:0.000514s ]
[ 2014-11-13T14:56:42+08:00 ] /index.php/Product/pic_edit/id/17 | INFO: Run ShowRuntime Behavior [ RunTime:0.000879s ]
[ 2014-11-13T14:56:42+08:00 ] /index.php/Product/pic_edit/id/17 | INFO: Tag[ view_filter ] --END-- [ RunTime:0.003381s ]
[ 2014-11-13T14:56:42+08:00 ] /index.php/Product/pic_edit/id/17 | INFO: Tag[ view_end ] --START--
[ 2014-11-13T14:56:42+08:00 ] /index.php/Product/pic_edit/id/17 | INFO: Run ShowPageTrace Behavior [ RunTime:0.001024s ]
[ 2014-11-13T14:56:42+08:00 ] /index.php/Product/pic_edit/id/17 | INFO: Tag[ view_end ] --END-- [ RunTime:0.001111s ]
[ 2014-11-13T14:56:51+08:00 ] /index.php/Product/index | INFO: Tag[ route_check ] --START--
[ 2014-11-13T14:56:51+08:00 ] /index.php/Product/index | INFO: Run CheckRoute Behavior [ RunTime:0.001534s ]
[ 2014-11-13T14:56:51+08:00 ] /index.php/Product/index | INFO: Tag[ route_check ] --END-- [ RunTime:0.001664s ]
[ 2014-11-13T14:56:51+08:00 ] /index.php/Product/index | INFO: Tag[ app_begin ] --START--
[ 2014-11-13T14:56:51+08:00 ] /index.php/Product/index | INFO: Run ReadHtmlCache Behavior [ RunTime:0.001256s ]
[ 2014-11-13T14:56:51+08:00 ] /index.php/Product/index | INFO: Tag[ app_begin ] --END-- [ RunTime:0.001355s ]
[ 2014-11-13T14:56:51+08:00 ] /index.php/Product/index | SQL: SHOW COLUMNS FROM `product` [ RunTime:0.006499s ]
[ 2014-11-13T14:56:51+08:00 ] /index.php/Product/index | SQL: SELECT COUNT(*) AS tp_count FROM `product` WHERE ( `is_del` = 0 ) LIMIT 1   [ RunTime:0.004783s ]
[ 2014-11-13T14:56:52+08:00 ] /index.php/Product/index | SQL: SELECT * FROM `product` WHERE ( `is_del` = 0 ) ORDER BY id DESC LIMIT 0,10   [ RunTime:1.306492s ]
[ 2014-11-13T14:56:52+08:00 ] /index.php/Product/index | NOTIC: [2048] Declaration of BaseModel::add() should be compatible with Model::add($data = '', $options = Array, $replace = false) BaseModel.class.php 第 177 行.
[ 2014-11-13T14:56:52+08:00 ] /index.php/Product/index | NOTIC: [2048] Declaration of BaseModel::delete() should be compatible with Model::delete($options = Array) BaseModel.class.php 第 177 行.
[ 2014-11-13T14:56:52+08:00 ] /index.php/Product/index | NOTIC: [2048] Declaration of BaseModel::select() should be compatible with Model::select($options = Array) BaseModel.class.php 第 177 行.
[ 2014-11-13T14:56:52+08:00 ] /index.php/Product/index | SQL: SHOW COLUMNS FROM `product` [ RunTime:0.006496s ]
[ 2014-11-13T14:56:53+08:00 ] /index.php/Product/index | SQL: /*D:\wamp\www\shenyh\shop\trunk\server_1\server_admin_1\server_admin\Lib\Model\BaseModel.class.php,121*/select * from `hospital` where 1 and status=2  and id=21 [ RunTime:0.040819s ]
[ 2014-11-13T14:56:53+08:00 ] /index.php/Product/index | SQL: /*D:\wamp\www\shenyh\shop\trunk\server_1\server_admin_1\server_admin\Lib\Model\BaseModel.class.php,121*/select * from `hospital` where 1 and status=2  and id=14 [ RunTime:0.006977s ]
[ 2014-11-13T14:56:53+08:00 ] /index.php/Product/index | SQL: /*D:\wamp\www\shenyh\shop\trunk\server_1\server_admin_1\server_admin\Lib\Model\BaseModel.class.php,121*/select * from `hospital` where 1 and status=2  and id=15 [ RunTime:0.006715s ]
[ 2014-11-13T14:56:53+08:00 ] /index.php/Product/index | SQL: /*D:\wamp\www\shenyh\shop\trunk\server_1\server_admin_1\server_admin\Lib\Model\BaseModel.class.php,121*/select * from `hospital` where 1 and status=2  and id=10 [ RunTime:0.006864s ]
[ 2014-11-13T14:56:53+08:00 ] /index.php/Product/index | SQL: /*D:\wamp\www\shenyh\shop\trunk\server_1\server_admin_1\server_admin\Lib\Model\BaseModel.class.php,121*/select * from `hospital` where 1 and status=2  and id=13 [ RunTime:0.027325s ]
[ 2014-11-13T14:56:53+08:00 ] /index.php/Product/index | SQL: /*D:\wamp\www\shenyh\shop\trunk\server_1\server_admin_1\server_admin\Lib\Model\BaseModel.class.php,121*/select * from `hospital` where 1 and status=2  and id=7 [ RunTime:0.006726s ]
[ 2014-11-13T14:56:53+08:00 ] /index.php/Product/index | SQL: /*D:\wamp\www\shenyh\shop\trunk\server_1\server_admin_1\server_admin\Lib\Model\BaseModel.class.php,121*/select * from `hospital` where 1 and status=2  and id=7 [ RunTime:0.040575s ]
[ 2014-11-13T14:56:53+08:00 ] /index.php/Product/index | SQL: /*D:\wamp\www\shenyh\shop\trunk\server_1\server_admin_1\server_admin\Lib\Model\BaseModel.class.php,121*/select * from `hospital` where 1 and status=2  and id=7 [ RunTime:0.009135s ]
[ 2014-11-13T14:56:53+08:00 ] /index.php/Product/index | SQL: /*D:\wamp\www\shenyh\shop\trunk\server_1\server_admin_1\server_admin\Lib\Model\BaseModel.class.php,121*/select * from `hospital` where 1 and status=2  and id=8 [ RunTime:0.007326s ]
[ 2014-11-13T14:56:53+08:00 ] /index.php/Product/index | SQL: SHOW COLUMNS FROM `product` [ RunTime:0.006818s ]
[ 2014-11-13T14:56:56+08:00 ] /index.php/Product/index | SQL: /*D:\wamp\www\shenyh\shop\trunk\server_1\server_admin_1\server_admin\Lib\Model\BaseModel.class.php,121*/select * from `product` where is_del=0 order by `id` desc [ RunTime:3.798999s ]
[ 2014-11-13T14:56:56+08:00 ] /index.php/Product/index | SQL: /*D:\wamp\www\shenyh\shop\trunk\server_1\server_admin_1\server_admin\Lib\Model\BaseModel.class.php,121*/select * from `hospital` where 1 and status=2  and id=21 [ RunTime:0.051841s ]
[ 2014-11-13T14:56:56+08:00 ] /index.php/Product/index | SQL: /*D:\wamp\www\shenyh\shop\trunk\server_1\server_admin_1\server_admin\Lib\Model\BaseModel.class.php,121*/select * from `hospital` where 1 and status=2  and id=14 [ RunTime:0.006796s ]
[ 2014-11-13T14:56:56+08:00 ] /index.php/Product/index | SQL: /*D:\wamp\www\shenyh\shop\trunk\server_1\server_admin_1\server_admin\Lib\Model\BaseModel.class.php,121*/select * from `hospital` where 1 and status=2  and id=15 [ RunTime:0.006975s ]
[ 2014-11-13T14:56:57+08:00 ] /index.php/Product/index | SQL: /*D:\wamp\www\shenyh\shop\trunk\server_1\server_admin_1\server_admin\Lib\Model\BaseModel.class.php,121*/select * from `hospital` where 1 and status=2  and id=10 [ RunTime:0.007491s ]
[ 2014-11-13T14:56:57+08:00 ] /index.php/Product/index | SQL: /*D:\wamp\www\shenyh\shop\trunk\server_1\server_admin_1\server_admin\Lib\Model\BaseModel.class.php,121*/select * from `hospital` where 1 and status=2  and id=13 [ RunTime:0.022488s ]
[ 2014-11-13T14:56:57+08:00 ] /index.php/Product/index | SQL: /*D:\wamp\www\shenyh\shop\trunk\server_1\server_admin_1\server_admin\Lib\Model\BaseModel.class.php,121*/select * from `hospital` where 1 and status=2  and id=7 [ RunTime:0.007230s ]
[ 2014-11-13T14:56:57+08:00 ] /index.php/Product/index | SQL: /*D:\wamp\www\shenyh\shop\trunk\server_1\server_admin_1\server_admin\Lib\Model\BaseModel.class.php,121*/select * from `hospital` where 1 and status=2  and id=7 [ RunTime:0.007665s ]
[ 2014-11-13T14:56:57+08:00 ] /index.php/Product/index | SQL: /*D:\wamp\www\shenyh\shop\trunk\server_1\server_admin_1\server_admin\Lib\Model\BaseModel.class.php,121*/select * from `hospital` where 1 and status=2  and id=7 [ RunTime:0.033986s ]
[ 2014-11-13T14:56:57+08:00 ] /index.php/Product/index | SQL: /*D:\wamp\www\shenyh\shop\trunk\server_1\server_admin_1\server_admin\Lib\Model\BaseModel.class.php,121*/select * from `hospital` where 1 and status=2  and id=8 [ RunTime:0.006788s ]
[ 2014-11-13T14:56:57+08:00 ] /index.php/Product/index | SQL: /*D:\wamp\www\shenyh\shop\trunk\server_1\server_admin_1\server_admin\Lib\Model\BaseModel.class.php,121*/select * from `hospital` where 1 and status=2  and id=7 [ RunTime:0.040842s ]
[ 2014-11-13T14:56:57+08:00 ] /index.php/Product/index | SQL: /*D:\wamp\www\shenyh\shop\trunk\server_1\server_admin_1\server_admin\Lib\Model\BaseModel.class.php,121*/select * from `hospital` where 1 and status=2  and id=12 [ RunTime:0.006969s ]
[ 2014-11-13T14:56:57+08:00 ] /index.php/Product/index | SQL: /*D:\wamp\www\shenyh\shop\trunk\server_1\server_admin_1\server_admin\Lib\Model\BaseModel.class.php,121*/select * from `hospital` where 1 and status=2  and id=11 [ RunTime:0.007791s ]
[ 2014-11-13T14:56:57+08:00 ] /index.php/Product/index | SQL: /*D:\wamp\www\shenyh\shop\trunk\server_1\server_admin_1\server_admin\Lib\Model\BaseModel.class.php,121*/select * from `hospital` where 1 and status=2  and id=9 [ RunTime:0.044982s ]
[ 2014-11-13T14:56:57+08:00 ] /index.php/Product/index | SQL: /*D:\wamp\www\shenyh\shop\trunk\server_1\server_admin_1\server_admin\Lib\Model\BaseModel.class.php,121*/select * from `hospital` where 1 and status=2  and id=16 [ RunTime:0.433965s ]
[ 2014-11-13T14:56:57+08:00 ] /index.php/Product/index | SQL: /*D:\wamp\www\shenyh\shop\trunk\server_1\server_admin_1\server_admin\Lib\Model\BaseModel.class.php,121*/select * from `hospital` where 1 and status=2  and id=14 [ RunTime:0.007231s ]
[ 2014-11-13T14:56:57+08:00 ] /index.php/Product/index | SQL: /*D:\wamp\www\shenyh\shop\trunk\server_1\server_admin_1\server_admin\Lib\Model\BaseModel.class.php,121*/select * from `hospital` where 1 and status=2  and id=15 [ RunTime:0.007389s ]
[ 2014-11-13T14:56:57+08:00 ] /index.php/Product/index | SQL: /*D:\wamp\www\shenyh\shop\trunk\server_1\server_admin_1\server_admin\Lib\Model\BaseModel.class.php,121*/select * from `hospital` where 1 and status=2  and id=19 [ RunTime:0.006688s ]
[ 2014-11-13T14:56:57+08:00 ] /index.php/Product/index | SQL: /*D:\wamp\www\shenyh\shop\trunk\server_1\server_admin_1\server_admin\Lib\Model\BaseModel.class.php,121*/select * from `hospital` where 1 and status=2  and id=20 [ RunTime:0.007332s ]
[ 2014-11-13T14:56:57+08:00 ] /index.php/Product/index | SQL: /*D:\wamp\www\shenyh\shop\trunk\server_1\server_admin_1\server_admin\Lib\Model\BaseModel.class.php,121*/select * from `hospital` where 1 and status=2  and id=6 [ RunTime:0.033787s ]
[ 2014-11-13T14:56:57+08:00 ] /index.php/Product/index | SQL: /*D:\wamp\www\shenyh\shop\trunk\server_1\server_admin_1\server_admin\Lib\Model\BaseModel.class.php,121*/select * from `hospital` where 1 and status=2  and id=19 [ RunTime:0.007031s ]
[ 2014-11-13T14:56:57+08:00 ] /index.php/Product/index | SQL: /*D:\wamp\www\shenyh\shop\trunk\server_1\server_admin_1\server_admin\Lib\Model\BaseModel.class.php,121*/select * from `hospital` where 1 and status=2  and id=13 [ RunTime:0.007002s ]
[ 2014-11-13T14:56:57+08:00 ] /index.php/Product/index | SQL: /*D:\wamp\www\shenyh\shop\trunk\server_1\server_admin_1\server_admin\Lib\Model\BaseModel.class.php,121*/select * from `hospital` where 1 and status=2  and id=8 [ RunTime:0.031936s ]
[ 2014-11-13T14:56:57+08:00 ] /index.php/Product/index | SQL: /*D:\wamp\www\shenyh\shop\trunk\server_1\server_admin_1\server_admin\Lib\Model\BaseModel.class.php,121*/select * from `hospital` where 1 and status=2  and id=6 [ RunTime:0.007079s ]
[ 2014-11-13T14:56:57+08:00 ] /index.php/Product/index | SQL: /*D:\wamp\www\shenyh\shop\trunk\server_1\server_admin_1\server_admin\Lib\Model\BaseModel.class.php,121*/select * from `hospital` where 1 and status=2  and id=7 [ RunTime:0.041828s ]
[ 2014-11-13T14:56:57+08:00 ] /index.php/Product/index | SQL: /*D:\wamp\www\shenyh\shop\trunk\server_1\server_admin_1\server_admin\Lib\Model\BaseModel.class.php,121*/select * from `hospital` where 1 and status=2  and id=18 [ RunTime:0.007406s ]
[ 2014-11-13T14:56:57+08:00 ] /index.php/Product/index | SQL: /*D:\wamp\www\shenyh\shop\trunk\server_1\server_admin_1\server_admin\Lib\Model\BaseModel.class.php,121*/select * from `hospital` where 1 and status=2  and id=17 [ RunTime:0.007030s ]
[ 2014-11-13T14:56:57+08:00 ] /index.php/Product/index | INFO: Tag[ view_template ] --START--
[ 2014-11-13T14:56:57+08:00 ] /index.php/Product/index | INFO: Run LocationTemplate Behavior [ RunTime:0.000966s ]
[ 2014-11-13T14:56:57+08:00 ] /index.php/Product/index | INFO: Tag[ view_template ] --END-- [ RunTime:0.001031s ]
[ 2014-11-13T14:56:57+08:00 ] /index.php/Product/index | INFO: Tag[ view_parse ] --START--
[ 2014-11-13T14:56:57+08:00 ] /index.php/Product/index | NOTIC: [8] Undefined index: search e2da2d048bfd7d0b1b5f4ff882638740.php 第 134 行.
[ 2014-11-13T14:56:57+08:00 ] /index.php/Product/index | NOTIC: [8] Undefined index: title e2da2d048bfd7d0b1b5f4ff882638740.php 第 140 行.
[ 2014-11-13T14:56:57+08:00 ] /index.php/Product/index | NOTIC: [8] Undefined index: hospital_name e2da2d048bfd7d0b1b5f4ff882638740.php 第 168 行.
[ 2014-11-13T14:56:57+08:00 ] /index.php/Product/index | NOTIC: [8] Undefined index: hospital_name e2da2d048bfd7d0b1b5f4ff882638740.php 第 168 行.
[ 2014-11-13T14:56:57+08:00 ] /index.php/Product/index | NOTIC: [8] Undefined index: hospital_name e2da2d048bfd7d0b1b5f4ff882638740.php 第 168 行.
[ 2014-11-13T14:56:57+08:00 ] /index.php/Product/index | NOTIC: [8] Undefined index: hospital_name e2da2d048bfd7d0b1b5f4ff882638740.php 第 168 行.
[ 2014-11-13T14:56:57+08:00 ] /index.php/Product/index | NOTIC: [8] Undefined index: hospital_name e2da2d048bfd7d0b1b5f4ff882638740.php 第 168 行.
[ 2014-11-13T14:56:57+08:00 ] /index.php/Product/index | NOTIC: [8] Undefined index: hospital_name e2da2d048bfd7d0b1b5f4ff882638740.php 第 168 行.
[ 2014-11-13T14:56:57+08:00 ] /index.php/Product/index | NOTIC: [8] Undefined index: hospital_name e2da2d048bfd7d0b1b5f4ff882638740.php 第 168 行.
[ 2014-11-13T14:56:57+08:00 ] /index.php/Product/index | NOTIC: [8] Undefined index: hospital_name e2da2d048bfd7d0b1b5f4ff882638740.php 第 168 行.
[ 2014-11-13T14:56:57+08:00 ] /index.php/Product/index | NOTIC: [8] Undefined index: hospital_name e2da2d048bfd7d0b1b5f4ff882638740.php 第 168 行.
[ 2014-11-13T14:56:57+08:00 ] /index.php/Product/index | NOTIC: [8] Undefined index: hospital_name e2da2d048bfd7d0b1b5f4ff882638740.php 第 168 行.
[ 2014-11-13T14:56:57+08:00 ] /index.php/Product/index | INFO: Run ParseTemplate Behavior [ RunTime:0.016312s ]
[ 2014-11-13T14:56:57+08:00 ] /index.php/Product/index | INFO: Tag[ view_parse ] --END-- [ RunTime:0.016391s ]
[ 2014-11-13T14:56:57+08:00 ] /index.php/Product/index | INFO: Tag[ view_filter ] --START--
[ 2014-11-13T14:56:57+08:00 ] /index.php/Product/index | INFO: Run ContentReplace Behavior [ RunTime:0.001255s ]
[ 2014-11-13T14:56:57+08:00 ] /index.php/Product/index | INFO: Run TokenBuild Behavior [ RunTime:0.001245s ]
[ 2014-11-13T14:56:57+08:00 ] /index.php/Product/index | INFO: Run WriteHtmlCache Behavior [ RunTime:0.001285s ]
[ 2014-11-13T14:56:57+08:00 ] /index.php/Product/index | INFO: Run ShowRuntime Behavior [ RunTime:0.001584s ]
[ 2014-11-13T14:56:57+08:00 ] /index.php/Product/index | INFO: Tag[ view_filter ] --END-- [ RunTime:0.005701s ]
[ 2014-11-13T14:56:57+08:00 ] /index.php/Product/index | INFO: Tag[ view_end ] --START--
[ 2014-11-13T14:56:57+08:00 ] /index.php/Product/index | INFO: Run ShowPageTrace Behavior [ RunTime:0.001150s ]
[ 2014-11-13T14:56:57+08:00 ] /index.php/Product/index | INFO: Tag[ view_end ] --END-- [ RunTime:0.001278s ]
